2026-01-25T18:15:27.088053+0530 | INFO | Starting LED test
2026-01-25T18:15:27.101208+0530 | INFO | LED ON
2026-01-25T18:15:30.101813+0530 | INFO | LED OFF
2026-01-25T18:15:32.102499+0530 | INFO | Blinking LED
2026-01-25T18:15:37.105078+0530 | INFO | LED test completed
2026-01-25T18:16:47.332884+0530 | INFO | Starting LED test
2026-01-25T18:16:47.345755+0530 | INFO | LED ON
2026-01-25T18:16:50.346402+0530 | INFO | LED OFF
2026-01-25T18:16:52.347068+0530 | INFO | Blinking LED
2026-01-25T18:16:57.349652+0530 | INFO | LED test completed
2026-01-25T18:36:18.071535+0530 | INFO | Starting LED test
2026-01-25T18:36:18.084486+0530 | INFO | LED ON
2026-01-25T18:36:21.085103+0530 | INFO | LED OFF
2026-01-25T18:36:23.085797+0530 | INFO | Blinking LED
2026-01-25T18:36:28.088433+0530 | INFO | LED test completed
2026-01-25T22:18:23.263165+0530 | INFO | Starting LED test
2026-01-25T22:18:23.286174+0530 | INFO | LED ON
2026-01-25T22:18:26.286806+0530 | INFO | LED OFF
2026-01-25T22:18:28.287473+0530 | INFO | Blinking LED
2026-01-25T22:18:33.290100+0530 | INFO | LED test completed
2026-01-25T22:22:58.611073+0530 | INFO | Starting LED test
2026-01-25T22:22:58.623871+0530 | INFO | LED ON
2026-01-25T22:23:01.624505+0530 | INFO | LED OFF
2026-01-25T22:23:03.625170+0530 | INFO | Blinking LED
2026-01-25T22:23:08.627652+0530 | INFO | LED test completed
2026-01-25T22:42:50.879399+0530 | INFO | Starting LED test
2026-01-25T22:42:50.892231+0530 | INFO | LED ON
2026-01-25T22:42:53.892890+0530 | INFO | LED OFF
2026-01-25T22:42:55.893550+0530 | INFO | Blinking LED
2026-01-26T00:37:27.818278+0530 | INFO | Starting INTEGRATION TEST: Servo + Button + LED (LGPIO)
2026-01-26T00:37:27.826797+0530 | INFO | Initializing safe state: Door CLOSED, LED OFF
2026-01-26T00:37:27.827919+0530 | INFO | System ready. Press button to OPEN door.
2026-01-26T00:37:55.253097+0530 | INFO | Button PRESSED → Door OPEN, LED ON
2026-01-26T00:37:55.254533+0530 | INFO | Button RELEASED → Door CLOSED, LED OFF
2026-01-26T00:37:55.255666+0530 | INFO | Button PRESSED → Door OPEN, LED ON
2026-01-26T00:37:55.421284+0530 | INFO | Button RELEASED → Door CLOSED, LED OFF
2026-01-26T00:38:04.510261+0530 | INFO | Button PRESSED → Door OPEN, LED ON
2026-01-26T00:38:04.630103+0530 | INFO | Button RELEASED → Door CLOSED, LED OFF
2026-01-26T00:38:06.647697+0530 | INFO | Button PRESSED → Door OPEN, LED ON
2026-01-26T00:38:06.817251+0530 | INFO | Button RELEASED → Door CLOSED, LED OFF
2026-01-26T00:38:06.818515+0530 | INFO | Button PRESSED → Door OPEN, LED ON
2026-01-26T00:38:06.836235+0530 | INFO | Button RELEASED → Door CLOSED, LED OFF
2026-01-26T00:38:07.786760+0530 | INFO | Button PRESSED → Door OPEN, LED ON
2026-01-26T00:38:07.966437+0530 | INFO | Button RELEASED → Door CLOSED, LED OFF
2026-01-26T00:38:09.355794+0530 | INFO | Button PRESSED → Door OPEN, LED ON
2026-01-26T00:38:09.525422+0530 | INFO | Button RELEASED → Door CLOSED, LED OFF
2026-01-26T00:38:09.526780+0530 | INFO | Button PRESSED → Door OPEN, LED ON
2026-01-26T00:38:09.532708+0530 | INFO | Button RELEASED → Door CLOSED, LED OFF
2026-01-26T00:38:10.153720+0530 | INFO | Button PRESSED → Door OPEN, LED ON
2026-01-26T00:38:10.326939+0530 | INFO | Button RELEASED → Door CLOSED, LED OFF
2026-01-26T00:38:48.137011+0530 | INFO | Button PRESSED → Door OPEN, LED ON
2026-01-26T00:38:48.272243+0530 | INFO | Button RELEASED → Door CLOSED, LED OFF
2026-01-26T00:38:48.274024+0530 | INFO | Button PRESSED → Door OPEN, LED ON
2026-01-26T00:38:48.275902+0530 | INFO | Button RELEASED → Door CLOSED, LED OFF
2026-01-26T00:38:48.277123+0530 | INFO | Button PRESSED → Door OPEN, LED ON
2026-01-26T00:38:48.278349+0530 | INFO | Button RELEASED → Door CLOSED, LED OFF
2026-01-26T00:38:48.279262+0530 | INFO | Button PRESSED → Door OPEN, LED ON
2026-01-26T00:38:48.280259+0530 | INFO | Button RELEASED → Door CLOSED, LED OFF
2026-01-26T00:38:48.281175+0530 | INFO | Button PRESSED → Door OPEN, LED ON
2026-01-26T00:38:48.282209+0530 | INFO | Button RELEASED → Door CLOSED, LED OFF
2026-01-26T00:38:48.283074+0530 | INFO | Button PRESSED → Door OPEN, LED ON
2026-01-26T00:38:48.284087+0530 | INFO | Button RELEASED → Door CLOSED, LED OFF
2026-01-26T00:38:48.284929+0530 | INFO | Button PRESSED → Door OPEN, LED ON
2026-01-26T00:38:48.285688+0530 | INFO | Button RELEASED → Door CLOSED, LED OFF
2026-01-26T00:38:48.286681+0530 | INFO | Button PRESSED → Door OPEN, LED ON
2026-01-26T00:38:48.287431+0530 | INFO | Button RELEASED → Door CLOSED, LED OFF
2026-01-26T00:38:48.288410+0530 | INFO | Button PRESSED → Door OPEN, LED ON
2026-01-26T00:38:48.289162+0530 | INFO | Button RELEASED → Door CLOSED, LED OFF
2026-01-26T00:38:48.290164+0530 | INFO | Button PRESSED → Door OPEN, LED ON
2026-01-26T00:38:48.290977+0530 | INFO | Button RELEASED → Door CLOSED, LED OFF
2026-01-26T00:38:48.291880+0530 | INFO | Button PRESSED → Door OPEN, LED ON
2026-01-26T00:38:48.292644+0530 | INFO | Button RELEASED → Door CLOSED, LED OFF
2026-01-26T00:38:48.293547+0530 | INFO | Button PRESSED → Door OPEN, LED ON
2026-01-26T00:38:48.294377+0530 | INFO | Button RELEASED → Door CLOSED, LED OFF
2026-01-26T00:38:49.504201+0530 | INFO | Button PRESSED → Door OPEN, LED ON
2026-01-26T00:38:49.661634+0530 | INFO | Button RELEASED → Door CLOSED, LED OFF
2026-01-26T00:38:51.592530+0530 | INFO | Button PRESSED → Door OPEN, LED ON
2026-01-26T00:38:51.725603+0530 | INFO | Button RELEASED → Door CLOSED, LED OFF
2026-01-26T00:38:53.139560+0530 | INFO | Button PRESSED → Door OPEN, LED ON
2026-01-26T00:38:53.304428+0530 | INFO | Button RELEASED → Door CLOSED, LED OFF
2026-01-26T00:39:43.591094+0530 | INFO | Button PRESSED → Door OPEN, LED ON
2026-01-26T00:39:43.749717+0530 | INFO | Button RELEASED → Door CLOSED, LED OFF
2026-01-26T00:39:44.588679+0530 | INFO | Button PRESSED → Door OPEN, LED ON
2026-01-26T00:39:44.771922+0530 | INFO | Button RELEASED → Door CLOSED, LED OFF
2026-01-26T00:39:53.868167+0530 | INFO | Button PRESSED → Door OPEN, LED ON
2026-01-26T00:39:54.022543+0530 | INFO | Button RELEASED → Door CLOSED, LED OFF
2026-01-26T00:39:54.692872+0530 | INFO | Button PRESSED → Door OPEN, LED ON
2026-01-26T00:39:54.856671+0530 | INFO | Button RELEASED → Door CLOSED, LED OFF
2026-01-26T00:40:08.465905+0530 | INFO | Button PRESSED → Door OPEN, LED ON
2026-01-26T00:40:08.658427+0530 | INFO | Button RELEASED → Door CLOSED, LED OFF
2026-01-26T00:40:08.659441+0530 | INFO | Button PRESSED → Door OPEN, LED ON
2026-01-26T00:40:08.661833+0530 | INFO | Button RELEASED → Door CLOSED, LED OFF
2026-01-26T00:40:08.662952+0530 | INFO | Button PRESSED → Door OPEN, LED ON
2026-01-26T00:40:08.664110+0530 | INFO | Button RELEASED → Door CLOSED, LED OFF
2026-01-26T00:40:17.785595+0530 | INFO | Button PRESSED → Door OPEN, LED ON
2026-01-26T00:40:17.946450+0530 | INFO | Button RELEASED → Door CLOSED, LED OFF
2026-01-26T00:40:18.278023+0530 | INFO | Button PRESSED → Door OPEN, LED ON
2026-01-26T00:40:18.415391+0530 | INFO | Button RELEASED → Door CLOSED, LED OFF
2026-01-26T00:40:24.119150+0530 | INFO | Button PRESSED → Door OPEN, LED ON
2026-01-26T00:40:24.277692+0530 | INFO | Button RELEASED → Door CLOSED, LED OFF
2026-01-26T00:40:28.123675+0530 | INFO | Button PRESSED → Door OPEN, LED ON
2026-01-26T00:40:28.308479+0530 | INFO | Button RELEASED → Door CLOSED, LED OFF
2026-01-26T00:40:52.234779+0530 | INFO | Button PRESSED → Door OPEN, LED ON
2026-01-26T00:40:52.236085+0530 | INFO | Button RELEASED → Door CLOSED, LED OFF
2026-01-26T00:40:52.237119+0530 | INFO | Button PRESSED → Door OPEN, LED ON
2026-01-26T00:40:52.398483+0530 | INFO | Button RELEASED → Door CLOSED, LED OFF
2026-01-26T00:40:52.399588+0530 | INFO | Button PRESSED → Door OPEN, LED ON
2026-01-26T00:40:52.407049+0530 | INFO | Button RELEASED → Door CLOSED, LED OFF
2026-01-26T00:40:52.907636+0530 | INFO | Button PRESSED → Door OPEN, LED ON
2026-01-26T00:40:52.908793+0530 | INFO | Button RELEASED → Door CLOSED, LED OFF
2026-01-26T00:40:52.909672+0530 | INFO | Button PRESSED → Door OPEN, LED ON
2026-01-26T00:40:53.050205+0530 | INFO | Button RELEASED → Door CLOSED, LED OFF
2026-01-26T00:40:53.051258+0530 | INFO | Button PRESSED → Door OPEN, LED ON
2026-01-26T00:40:53.052219+0530 | INFO | Button RELEASED → Door CLOSED, LED OFF
2026-01-26T00:41:04.067646+0530 | INFO | Button PRESSED → Door OPEN, LED ON
2026-01-26T00:41:04.213374+0530 | INFO | Button RELEASED → Door CLOSED, LED OFF
2026-01-26T00:41:04.523693+0530 | INFO | Button PRESSED → Door OPEN, LED ON
2026-01-26T00:41:04.524730+0530 | INFO | Button RELEASED → Door CLOSED, LED OFF
2026-01-26T00:41:04.525590+0530 | INFO | Button PRESSED → Door OPEN, LED ON
2026-01-26T00:41:04.656511+0530 | INFO | Button RELEASED → Door CLOSED, LED OFF
2026-01-26T00:41:04.657614+0530 | INFO | Button PRESSED → Door OPEN, LED ON
2026-01-26T00:41:04.658577+0530 | INFO | Button RELEASED → Door CLOSED, LED OFF
2026-01-26T00:41:04.659469+0530 | INFO | Button PRESSED → Door OPEN, LED ON
2026-01-26T00:41:04.677951+0530 | INFO | Button RELEASED → Door CLOSED, LED OFF
2026-01-26T00:41:13.668949+0530 | INFO | Button PRESSED → Door OPEN, LED ON
2026-01-26T00:41:13.801994+0530 | INFO | Button RELEASED → Door CLOSED, LED OFF
2026-01-26T00:41:14.291564+0530 | INFO | Button PRESSED → Door OPEN, LED ON
2026-01-26T00:41:14.292640+0530 | INFO | Button RELEASED → Door CLOSED, LED OFF
2026-01-26T00:41:14.293833+0530 | INFO | Button PRESSED → Door OPEN, LED ON
2026-01-26T00:41:14.294793+0530 | INFO | Button RELEASED → Door CLOSED, LED OFF
2026-01-26T00:41:14.295691+0530 | INFO | Button PRESSED → Door OPEN, LED ON
2026-01-26T00:41:14.296571+0530 | INFO | Button RELEASED → Door CLOSED, LED OFF
2026-01-26T00:41:14.297412+0530 | INFO | Button PRESSED → Door OPEN, LED ON
2026-01-26T00:41:14.298268+0530 | INFO | Button RELEASED → Door CLOSED, LED OFF
2026-01-26T00:41:14.299099+0530 | INFO | Button PRESSED → Door OPEN, LED ON
2026-01-26T00:41:14.299911+0530 | INFO | Button RELEASED → Door CLOSED, LED OFF
2026-01-26T00:41:14.300730+0530 | INFO | Button PRESSED → Door OPEN, LED ON
2026-01-26T00:41:14.301543+0530 | INFO | Button RELEASED → Door CLOSED, LED OFF
2026-01-26T00:41:14.302400+0530 | INFO | Button PRESSED → Door OPEN, LED ON
2026-01-26T00:41:14.303264+0530 | INFO | Button RELEASED → Door CLOSED, LED OFF
2026-01-26T00:41:14.304063+0530 | INFO | Button PRESSED → Door OPEN, LED ON
2026-01-26T00:41:14.305089+0530 | INFO | Button RELEASED → Door CLOSED, LED OFF
2026-01-26T00:41:14.305904+0530 | INFO | Button PRESSED → Door OPEN, LED ON
2026-01-26T00:41:14.306836+0530 | INFO | Button RELEASED → Door CLOSED, LED OFF
2026-01-26T00:41:14.307640+0530 | INFO | Button PRESSED → Door OPEN, LED ON
2026-01-26T00:41:14.308461+0530 | INFO | Button RELEASED → Door CLOSED, LED OFF
2026-01-26T00:41:14.309255+0530 | INFO | Button PRESSED → Door OPEN, LED ON
2026-01-26T00:41:14.310093+0530 | INFO | Button RELEASED → Door CLOSED, LED OFF
2026-01-26T00:41:14.310908+0530 | INFO | Button PRESSED → Door OPEN, LED ON
2026-01-26T00:41:14.311887+0530 | INFO | Button RELEASED → Door CLOSED, LED OFF
2026-01-26T00:41:14.312709+0530 | INFO | Button PRESSED → Door OPEN, LED ON
2026-01-26T00:41:14.313642+0530 | INFO | Button RELEASED → Door CLOSED, LED OFF
2026-01-26T00:41:14.314503+0530 | INFO | Button PRESSED → Door OPEN, LED ON
2026-01-26T00:41:14.315339+0530 | INFO | Button RELEASED → Door CLOSED, LED OFF
2026-01-26T00:41:14.316149+0530 | INFO | Button PRESSED → Door OPEN, LED ON
2026-01-26T00:41:14.316950+0530 | INFO | Button RELEASED → Door CLOSED, LED OFF
2026-01-26T00:41:14.317741+0530 | INFO | Button PRESSED → Door OPEN, LED ON
2026-01-26T00:41:14.318609+0530 | INFO | Button RELEASED → Door CLOSED, LED OFF
2026-01-26T00:41:14.319424+0530 | INFO | Button PRESSED → Door OPEN, LED ON
2026-01-26T00:41:14.439205+0530 | INFO | Button RELEASED → Door CLOSED, LED OFF
2026-01-26T00:41:52.167256+0530 | INFO | Button PRESSED → Door OPEN, LED ON
2026-01-26T00:41:52.319272+0530 | INFO | Button RELEASED → Door CLOSED, LED OFF
2026-01-26T00:41:52.921480+0530 | INFO | Button PRESSED → Door OPEN, LED ON
2026-01-26T00:41:53.042271+0530 | INFO | Button RELEASED → Door CLOSED, LED OFF
2026-01-26T00:41:53.043631+0530 | INFO | Button PRESSED → Door OPEN, LED ON
2026-01-26T00:41:53.051918+0530 | INFO | Button RELEASED → Door CLOSED, LED OFF
2026-01-26T00:46:46.211685+0530 | INFO | Starting LED test (LGPIO backend)
2026-01-26T00:46:46.214688+0530 | INFO | LED ON
2026-01-26T00:46:49.215366+0530 | INFO | LED OFF
2026-01-26T00:46:51.216016+0530 | INFO | Blinking LED
2026-01-26T00:50:31.900652+0530 | INFO | Starting INTEGRATION TEST: Servo + Button + LED (LGPIO)
2026-01-26T00:50:31.909073+0530 | INFO | Initializing safe state: Door CLOSED, LED OFF
2026-01-26T00:50:31.910272+0530 | INFO | System ready. Press button to OPEN door.
2026-01-26T00:50:38.075821+0530 | INFO | Button PRESSED → Door OPEN, LED ON
2026-01-26T00:50:38.223436+0530 | INFO | Button RELEASED → Door CLOSED, LED OFF
2026-01-26T00:50:38.224685+0530 | INFO | Button PRESSED → Door OPEN, LED ON
2026-01-26T00:50:38.225794+0530 | INFO | Button RELEASED → Door CLOSED, LED OFF
2026-01-26T00:50:39.320760+0530 | INFO | Button PRESSED → Door OPEN, LED ON
2026-01-26T00:50:39.468454+0530 | INFO | Button RELEASED → Door CLOSED, LED OFF
2026-01-26T00:50:40.343882+0530 | INFO | Button PRESSED → Door OPEN, LED ON
2026-01-26T00:50:40.508592+0530 | INFO | Button RELEASED → Door CLOSED, LED OFF
2026-01-26T00:50:41.219815+0530 | INFO | Button PRESSED → Door OPEN, LED ON
2026-01-26T00:50:41.322065+0530 | INFO | Button RELEASED → Door CLOSED, LED OFF
2026-01-26T00:50:41.880509+0530 | INFO | Button PRESSED → Door OPEN, LED ON
2026-01-26T00:50:42.249361+0530 | INFO | Button RELEASED → Door CLOSED, LED OFF
2026-01-26T00:50:42.951003+0530 | INFO | Button PRESSED → Door OPEN, LED ON
2026-01-26T00:50:43.335988+0530 | INFO | Button RELEASED → Door CLOSED, LED OFF
2026-01-26T00:50:44.219537+0530 | INFO | Button PRESSED → Door OPEN, LED ON
2026-01-26T00:50:44.220805+0530 | INFO | Button RELEASED → Door CLOSED, LED OFF
2026-01-26T00:50:44.221984+0530 | INFO | Button PRESSED → Door OPEN, LED ON
2026-01-26T00:50:44.641432+0530 | INFO | Button RELEASED → Door CLOSED, LED OFF
2026-01-26T00:50:44.642647+0530 | INFO | Button PRESSED → Door OPEN, LED ON
2026-01-26T00:50:44.643816+0530 | INFO | Button RELEASED → Door CLOSED, LED OFF
2026-01-26T00:50:44.644724+0530 | INFO | Button PRESSED → Door OPEN, LED ON
2026-01-26T00:50:44.645614+0530 | INFO | Button RELEASED → Door CLOSED, LED OFF
2026-01-26T00:50:44.646543+0530 | INFO | Button PRESSED → Door OPEN, LED ON
2026-01-26T00:50:44.647388+0530 | INFO | Button RELEASED → Door CLOSED, LED OFF
2026-01-26T00:50:44.648300+0530 | INFO | Button PRESSED → Door OPEN, LED ON
2026-01-26T00:50:44.649239+0530 | INFO | Button RELEASED → Door CLOSED, LED OFF
2026-01-26T00:50:45.526664+0530 | INFO | Button PRESSED → Door OPEN, LED ON
2026-01-26T00:50:46.012271+0530 | INFO | Button RELEASED → Door CLOSED, LED OFF
2026-01-26T00:50:47.011860+0530 | INFO | Button PRESSED → Door OPEN, LED ON
2026-01-26T00:50:48.786210+0530 | INFO | Button RELEASED → Door CLOSED, LED OFF
2026-01-26T00:50:49.664793+0530 | INFO | Button PRESSED → Door OPEN, LED ON
2026-01-26T00:50:50.153198+0530 | INFO | Button RELEASED → Door CLOSED, LED OFF
2026-01-26T00:50:50.154671+0530 | INFO | Button PRESSED → Door OPEN, LED ON
2026-01-26T00:50:50.155862+0530 | INFO | Button RELEASED → Door CLOSED, LED OFF
2026-01-26T00:50:50.988715+0530 | INFO | Button PRESSED → Door OPEN, LED ON
2026-01-26T00:50:51.544277+0530 | INFO | Button RELEASED → Door CLOSED, LED OFF
2026-01-26T00:50:51.545931+0530 | INFO | Button PRESSED → Door OPEN, LED ON
2026-01-26T00:50:51.547248+0530 | INFO | Button RELEASED → Door CLOSED, LED OFF
2026-01-26T00:51:11.073692+0530 | INFO | Button PRESSED → Door OPEN, LED ON
2026-01-26T00:51:11.518902+0530 | INFO | Button RELEASED → Door CLOSED, LED OFF
2026-01-26T00:51:12.461265+0530 | INFO | Button PRESSED → Door OPEN, LED ON
2026-01-26T00:51:12.848275+0530 | INFO | Button RELEASED → Door CLOSED, LED OFF
2026-01-26T00:51:18.457072+0530 | INFO | Integration test interrupted by user
2026-01-26T00:51:18.457974+0530 | INFO | Resetting to safe state and exiting
2026-01-26T01:01:16.864407+0530 | INFO | Starting INTEGRATION TEST: Servo + Button + LED (LGPIO)
2026-01-26T01:01:16.870454+0530 | INFO | Initializing safe state: Door CLOSED, LED OFF
2026-01-26T01:01:16.871583+0530 | INFO | System ready. Press button to OPEN door.
2026-01-26T01:01:21.930113+0530 | INFO | Button PRESSED → Door OPEN, LED ON
2026-01-26T01:01:22.133643+0530 | INFO | Button RELEASED → Door CLOSED, LED OFF
2026-01-26T01:01:24.534331+0530 | INFO | Button PRESSED → Door OPEN, LED ON
2026-01-26T01:01:24.711499+0530 | INFO | Button RELEASED → Door CLOSED, LED OFF
2026-01-26T01:01:29.085114+0530 | INFO | Button PRESSED → Door OPEN, LED ON
2026-01-26T01:01:29.840675+0530 | INFO | Button RELEASED → Door CLOSED, LED OFF
2026-01-26T01:01:29.841930+0530 | INFO | Button PRESSED → Door OPEN, LED ON
2026-01-26T01:01:29.842813+0530 | INFO | Button RELEASED → Door CLOSED, LED OFF
2026-01-26T01:01:29.843650+0530 | INFO | Button PRESSED → Door OPEN, LED ON
2026-01-26T01:01:29.844568+0530 | INFO | Button RELEASED → Door CLOSED, LED OFF
2026-01-26T01:01:29.845521+0530 | INFO | Button PRESSED → Door OPEN, LED ON
2026-01-26T01:01:29.879513+0530 | INFO | Button RELEASED → Door CLOSED, LED OFF
2026-01-26T01:01:29.881729+0530 | INFO | Button PRESSED → Door OPEN, LED ON
2026-01-26T01:01:29.894105+0530 | INFO | Button RELEASED → Door CLOSED, LED OFF
2026-01-26T01:01:29.895182+0530 | INFO | Button PRESSED → Door OPEN, LED ON
2026-01-26T01:01:29.896087+0530 | INFO | Button RELEASED → Door CLOSED, LED OFF
2026-01-26T01:01:29.896945+0530 | INFO | Button PRESSED → Door OPEN, LED ON
2026-01-26T01:01:29.897884+0530 | INFO | Button RELEASED → Door CLOSED, LED OFF
2026-01-26T01:01:29.898747+0530 | INFO | Button PRESSED → Door OPEN, LED ON
2026-01-26T01:01:29.899586+0530 | INFO | Button RELEASED → Door CLOSED, LED OFF
2026-01-26T01:01:29.900411+0530 | INFO | Button PRESSED → Door OPEN, LED ON
2026-01-26T01:01:29.901239+0530 | INFO | Button RELEASED → Door CLOSED, LED OFF
2026-01-26T01:01:29.902130+0530 | INFO | Button PRESSED → Door OPEN, LED ON
2026-01-26T01:01:29.903035+0530 | INFO | Button RELEASED → Door CLOSED, LED OFF
2026-01-26T01:01:29.903875+0530 | INFO | Button PRESSED → Door OPEN, LED ON
2026-01-26T01:01:29.904731+0530 | INFO | Button RELEASED → Door CLOSED, LED OFF
2026-01-26T01:01:29.905576+0530 | INFO | Button PRESSED → Door OPEN, LED ON
2026-01-26T01:01:29.906424+0530 | INFO | Button RELEASED → Door CLOSED, LED OFF
2026-01-26T01:01:29.907223+0530 | INFO | Button PRESSED → Door OPEN, LED ON
2026-01-26T01:01:29.908131+0530 | INFO | Button RELEASED → Door CLOSED, LED OFF
2026-01-26T01:01:29.908946+0530 | INFO | Button PRESSED → Door OPEN, LED ON
2026-01-26T01:01:29.909814+0530 | INFO | Button RELEASED → Door CLOSED, LED OFF
2026-01-26T01:01:29.910614+0530 | INFO | Button PRESSED → Door OPEN, LED ON
2026-01-26T01:01:29.911438+0530 | INFO | Button RELEASED → Door CLOSED, LED OFF
2026-01-26T01:01:29.912234+0530 | INFO | Button PRESSED → Door OPEN, LED ON
2026-01-26T01:01:29.913043+0530 | INFO | Button RELEASED → Door CLOSED, LED OFF
2026-01-26T01:01:29.913968+0530 | INFO | Button PRESSED → Door OPEN, LED ON
2026-01-26T01:01:29.914807+0530 | INFO | Button RELEASED → Door CLOSED, LED OFF
2026-01-26T01:01:29.915604+0530 | INFO | Button PRESSED → Door OPEN, LED ON
2026-01-26T01:01:29.916429+0530 | INFO | Button RELEASED → Door CLOSED, LED OFF
2026-01-26T01:01:29.917214+0530 | INFO | Button PRESSED → Door OPEN, LED ON
2026-01-26T01:01:29.918110+0530 | INFO | Button RELEASED → Door CLOSED, LED OFF
2026-01-26T01:01:29.918921+0530 | INFO | Button PRESSED → Door OPEN, LED ON
2026-01-26T01:01:30.022536+0530 | INFO | Button RELEASED → Door CLOSED, LED OFF
2026-01-26T01:01:30.023524+0530 | INFO | Button PRESSED → Door OPEN, LED ON
2026-01-26T01:01:30.024954+0530 | INFO | Button RELEASED → Door CLOSED, LED OFF
2026-01-26T01:01:30.025860+0530 | INFO | Button PRESSED → Door OPEN, LED ON
2026-01-26T01:01:30.026612+0530 | INFO | Button RELEASED → Door CLOSED, LED OFF
2026-01-26T01:01:30.844280+0530 | INFO | Button PRESSED → Door OPEN, LED ON
2026-01-26T01:01:31.555164+0530 | INFO | Button RELEASED → Door CLOSED, LED OFF
2026-01-26T01:01:32.126628+0530 | INFO | Button PRESSED → Door OPEN, LED ON
2026-01-26T01:01:32.553586+0530 | INFO | Button RELEASED → Door CLOSED, LED OFF
2026-01-26T01:01:32.554647+0530 | INFO | Button PRESSED → Door OPEN, LED ON
2026-01-26T01:01:32.572656+0530 | INFO | Button RELEASED → Door CLOSED, LED OFF
2026-01-26T01:01:33.395208+0530 | INFO | Button PRESSED → Door OPEN, LED ON
2026-01-26T01:01:33.610036+0530 | INFO | Button RELEASED → Door CLOSED, LED OFF
2026-01-26T01:02:17.268983+0530 | INFO | Button PRESSED → Door OPEN, LED ON
2026-01-26T01:02:17.518858+0530 | INFO | Button RELEASED → Door CLOSED, LED OFF
2026-01-26T01:02:17.519850+0530 | INFO | Button PRESSED → Door OPEN, LED ON
2026-01-26T01:02:17.522208+0530 | INFO | Button RELEASED → Door CLOSED, LED OFF
2026-01-26T01:02:17.523112+0530 | INFO | Button PRESSED → Door OPEN, LED ON
2026-01-26T01:02:17.525140+0530 | INFO | Button RELEASED → Door CLOSED, LED OFF
2026-01-26T01:02:18.167741+0530 | INFO | Button PRESSED → Door OPEN, LED ON
2026-01-26T01:02:18.929986+0530 | INFO | Button RELEASED → Door CLOSED, LED OFF
2026-01-26T01:02:18.932539+0530 | INFO | Button PRESSED → Door OPEN, LED ON
2026-01-26T01:02:18.935614+0530 | INFO | Button RELEASED → Door CLOSED, LED OFF
2026-01-26T01:02:18.936488+0530 | INFO | Button PRESSED → Door OPEN, LED ON
2026-01-26T01:02:18.937321+0530 | INFO | Button RELEASED → Door CLOSED, LED OFF
2026-01-26T01:02:19.632147+0530 | INFO | Button PRESSED → Door OPEN, LED ON
2026-01-26T01:02:20.099016+0530 | INFO | Button RELEASED → Door CLOSED, LED OFF
2026-01-26T01:02:20.733933+0530 | INFO | Button PRESSED → Door OPEN, LED ON
2026-01-26T01:02:21.104544+0530 | INFO | Button RELEASED → Door CLOSED, LED OFF
2026-01-26T01:02:21.110586+0530 | INFO | Button PRESSED → Door OPEN, LED ON
2026-01-26T01:02:21.113775+0530 | INFO | Button RELEASED → Door CLOSED, LED OFF
2026-01-26T01:05:36.878889+0530 | INFO | Button PRESSED → Door OPEN, LED ON
2026-01-26T01:05:36.880357+0530 | INFO | Button RELEASED → Door CLOSED, LED OFF
2026-01-26T01:05:36.881777+0530 | INFO | Button PRESSED → Door OPEN, LED ON
2026-01-26T01:05:36.882915+0530 | INFO | Button RELEASED → Door CLOSED, LED OFF
2026-01-26T01:05:36.883798+0530 | INFO | Button PRESSED → Door OPEN, LED ON
2026-01-26T01:05:36.884718+0530 | INFO | Button RELEASED → Door CLOSED, LED OFF
2026-01-26T01:05:36.885666+0530 | INFO | Button PRESSED → Door OPEN, LED ON
2026-01-26T01:05:37.048144+0530 | INFO | Button RELEASED → Door CLOSED, LED OFF
2026-01-26T01:05:38.117674+0530 | INFO | Button PRESSED → Door OPEN, LED ON
2026-01-26T01:05:38.496852+0530 | INFO | Button RELEASED → Door CLOSED, LED OFF
2026-01-26T01:05:39.406143+0530 | INFO | Button PRESSED → Door OPEN, LED ON
2026-01-26T01:05:39.407362+0530 | INFO | Button RELEASED → Door CLOSED, LED OFF
2026-01-26T01:05:39.408376+0530 | INFO | Button PRESSED → Door OPEN, LED ON
2026-01-26T01:05:39.903857+0530 | INFO | Button RELEASED → Door CLOSED, LED OFF
2026-01-26T01:05:41.162586+0530 | INFO | Button PRESSED → Door OPEN, LED ON
2026-01-26T01:05:41.759151+0530 | INFO | Button RELEASED → Door CLOSED, LED OFF
2026-01-26T01:06:26.913593+0530 | INFO | Button PRESSED → Door OPEN, LED ON
2026-01-26T01:06:27.827284+0530 | INFO | Button RELEASED → Door CLOSED, LED OFF
2026-01-26T01:06:27.828266+0530 | INFO | Button PRESSED → Door OPEN, LED ON
2026-01-26T01:06:27.829441+0530 | INFO | Button RELEASED → Door CLOSED, LED OFF
2026-01-26T01:06:27.830430+0530 | INFO | Button PRESSED → Door OPEN, LED ON
2026-01-26T01:06:27.835350+0530 | INFO | Button RELEASED → Door CLOSED, LED OFF
2026-01-26T01:06:27.836307+0530 | INFO | Button PRESSED → Door OPEN, LED ON
2026-01-26T01:06:27.837243+0530 | INFO | Button RELEASED → Door CLOSED, LED OFF
2026-01-26T01:06:27.838210+0530 | INFO | Button PRESSED → Door OPEN, LED ON
2026-01-26T01:06:27.839031+0530 | INFO | Button RELEASED → Door CLOSED, LED OFF
2026-01-26T01:06:29.708986+0530 | INFO | Button PRESSED → Door OPEN, LED ON
2026-01-26T01:06:31.002635+0530 | INFO | Button RELEASED → Door CLOSED, LED OFF
2026-01-26T01:06:31.647828+0530 | INFO | Button PRESSED → Door OPEN, LED ON
2026-01-26T01:06:32.125989+0530 | INFO | Button RELEASED → Door CLOSED, LED OFF
2026-01-26T01:06:32.127186+0530 | INFO | Button PRESSED → Door OPEN, LED ON
2026-01-26T01:06:32.128173+0530 | INFO | Button RELEASED → Door CLOSED, LED OFF
2026-02-23T23:45:44.804450+0530 | INFO | Starting LED test (LGPIO backend)
2026-02-23T23:45:44.807761+0530 | INFO | LED ON
2026-02-23T23:45:47.808450+0530 | INFO | LED OFF
2026-02-23T23:45:49.809228+0530 | INFO | Blinking LED
2026-02-23T23:45:59.814297+0530 | INFO | LED test completed
2026-02-24T00:24:46.539664+0530 | INFO | Starting TOGGLE Integration Test: Button + LED (LGPIO)
2026-02-24T00:24:46.543710+0530 | INFO | STATE=OFF (LED OFF)
2026-02-24T00:24:53.751389+0530 | INFO | STATE=ON  (LED ON)
2026-02-24T00:24:53.752578+0530 | INFO | STATE=OFF (LED OFF)
2026-02-24T00:24:55.418782+0530 | INFO | STATE=ON  (LED ON)
2026-02-24T00:24:55.431581+0530 | INFO | STATE=OFF (LED OFF)
2026-02-24T00:24:55.525077+0530 | INFO | STATE=ON  (LED ON)
2026-02-24T00:24:55.534680+0530 | INFO | STATE=OFF (LED OFF)
2026-02-24T00:24:55.541385+0530 | INFO | STATE=ON  (LED ON)
2026-02-24T00:25:59.106691+0530 | INFO | Stopped by user. Resetting safe state.
2026-02-24T00:25:59.107597+0530 | INFO | STATE=OFF (LED OFF)
